<?xml version="1.0" encoding="UTF-8"?>
<!-- Generated by org.testng.reporters.JUnitReportReporter -->
<testsuite hostname="LAPTOP-KMLSJNFK" failures="0" tests="2" name="com.osa.runners.RunQA" time="15.123" errors="0" timestamp="2021-09-08T17:49:34 EDT" skipped="0">
  <testcase classname="com.osa.runners.RunQA" name="runScenario" time="7.150"/>
  <testcase classname="com.osa.runners.RunQA" name="runScenario" time="7.973"/>
</testsuite> <!-- com.osa.runners.RunQA -->
